#! /c/iverilog/bin/vvp
:ivl_version "0.9.7 " "(v0_9_7)";
:vpi_time_precision + 0;
:vpi_module "system";
:vpi_module "v2005_math";
:vpi_module "va_math";
S_01263318 .scope module, "ram" "ram" 2 1;
 .timescale 0 0;
P_012632AC .param/l "addr_size" 2 2, +C4<01010>;
P_012632C0 .param/l "memory_size" 2 2, +C4<010000000000>;
P_012632D4 .param/l "word_size" 2 2, +C4<01000>;
L_01261640 .functor BUFZ 8, L_0126EF38, C4<00000000>, C4<00000000>, C4<00000000>;
v01261590_0 .net *"_s0", 7 0, L_0126EF38; 1 drivers
v012615E8_0 .net "addr", 9 0, C4<zzzzzzzzzz>; 0 drivers
v0126ED80_0 .net "cs", 0 0, C4<z>; 0 drivers
v0126EDD8_0 .net "data_in", 7 0, C4<zzzzzzzz>; 0 drivers
v0126EE30_0 .net "data_out", 7 0, L_01261640; 1 drivers
v0126EE88 .array "mem", 0 1023, 7 0;
v0126EEE0_0 .net "wr", 0 0, C4<z>; 0 drivers
E_01267DB8 .event edge, v0126ED80_0, v0126EEE0_0;
L_0126EF38 .array/port v0126EE88, C4<zzzzzzzzzz>;
    .scope S_01263318;
T_0 ;
    %wait E_01267DB8;
    %load/v 8, v0126EEE0_0, 1;
    %jmp/0xz  T_0.0, 8;
    %load/v 8, v0126EDD8_0, 8;
    %ix/getv 3, v012615E8_0;
   %jmp/1 t_0, 4;
   %ix/load 1, 0, 0;
   %set/av v0126EE88, 8, 8;
t_0 ;
T_0.0 ;
    %jmp T_0;
    .thread T_0, $push;
# The file index is used to find the file name in the following table.
:file_names 3;
    "N/A";
    "<interactive>";
    "project_mem.v";
