#! /c/iverilog/bin/vvp
:ivl_version "0.9.7 " "(v0_9_7)";
:vpi_time_precision + 0;
:vpi_module "system";
:vpi_module "v2005_math";
:vpi_module "va_math";
S_01138610 .scope module, "ram_test" "ram_test" 2 2;
 .timescale 0 0;
v01139280_0 .var "address", 9 0;
v011392D8_0 .var "data_in", 7 0;
v01139330_0 .net "data_out", 7 0, L_01134208; 1 drivers
v01139388_0 .var/i "k", 31 0;
v011393E0_0 .var/i "myseed", 31 0;
v01139438_0 .var "select", 0 0;
v01139490_0 .var "write", 0 0;
S_01137FB0 .scope module, "ram_t" "ram" 2 8, 3 1, S_01138610;
 .timescale 0 0;
P_011332AC .param/l "addr_size" 3 2, +C4<01010>;
P_011332C0 .param/l "memory_size" 3 2, +C4<010000000000>;
P_011332D4 .param/l "word_size" 3 2, +C4<01000>;
L_01134208 .functor BUFZ 8, L_011394E8, C4<00000000>, C4<00000000>, C4<00000000>;
v01134100_0 .net *"_s0", 7 0, L_011394E8; 1 drivers
v01134158_0 .net "addr", 9 0, v01139280_0; 1 drivers
v011341B0_0 .net "cs", 0 0, v01139438_0; 1 drivers
v01131530_0 .net "data_in", 7 0, v011392D8_0; 1 drivers
v01131588_0 .alias "data_out", 7 0, v01139330_0;
v011315E0 .array "mem", 0 1023, 7 0;
v01139228_0 .net "wr", 0 0, v01139490_0; 1 drivers
E_01173618 .event edge, v011341B0_0, v01139228_0;
L_011394E8 .array/port v011315E0, v01139280_0;
    .scope S_01137FB0;
T_0 ;
    %wait E_01173618;
    %load/v 8, v01139228_0, 1;
    %jmp/0xz  T_0.0, 8;
    %load/v 8, v01131530_0, 8;
    %ix/getv 3, v01134158_0;
   %jmp/1 t_0, 4;
   %ix/load 1, 0, 0;
   %set/av v011315E0, 8, 8;
t_0 ;
T_0.0 ;
    %jmp T_0;
    .thread T_0, $push;
    .scope S_01138610;
T_1 ;
    %set/v v01139388_0, 0, 32;
T_1.0 ;
    %load/v 8, v01139388_0, 32;
   %cmpi/s 8, 1023, 32;
    %or 5, 4, 1;
    %jmp/0xz T_1.1, 5;
    %load/v 8, v01139388_0, 32;
    %mov 40, 39, 1;
    %load/v 41, v01139388_0, 32;
    %mov 73, 72, 1;
    %add 8, 41, 33;
    %movi 41, 256, 33;
    %mod/s 8, 41, 33;
    %set/v v011392D8_0, 8, 8;
    %set/v v01139490_0, 1, 1;
    %set/v v01139438_0, 1, 1;
    %delay 2, 0;
    %load/v 8, v01139388_0, 32;
    %set/v v01139280_0, 8, 10;
    %set/v v01139490_0, 0, 1;
    %set/v v01139438_0, 0, 1;
    %ix/load 0, 1, 0;
    %load/vp0/s 8, v01139388_0, 32;
    %set/v v01139388_0, 8, 32;
    %jmp T_1.0;
T_1.1 ;
    %movi 8, 20, 6;
T_1.2 %cmp/s 0, 8, 6;
    %jmp/0xz T_1.3, 5;
    %add 8, 1, 6;
    %delay 2, 0;
    %vpi_func 2 19 "$random", 14, 32, v011393E0_0;
    %movi 46, 1024, 32;
    %mod/s 14, 46, 32;
    %set/v v01139280_0, 14, 10;
    %set/v v01139490_0, 0, 1;
    %set/v v01139438_0, 1, 1;
    %vpi_call 2 21 "$display", " address : %5d , data : %4d", v01139280_0, v01139330_0;
    %jmp T_1.2;
T_1.3 ;
    %end;
    .thread T_1;
    .scope S_01138610;
T_2 ;
    %movi 8, 35, 32;
    %set/v v011393E0_0, 8, 32;
    %end;
    .thread T_2;
# The file index is used to find the file name in the following table.
:file_names 4;
    "N/A";
    "<interactive>";
    "project_mem_tb.v";
    "./project_mem.v";
